<?xml version="1.0" encoding="UTF-8"?>
<testng-results skipped="0" failed="0" ignored="0" total="1" passed="1">
  <reporter-output>
  </reporter-output>
  <suite name="Default suite" duration-ms="8080" started-at="2022-01-06T19:00:00Z" finished-at="2022-01-06T19:00:08Z">
    <groups>
    </groups>
    <test name="Default test" duration-ms="8080" started-at="2022-01-06T19:00:00Z" finished-at="2022-01-06T19:00:08Z">
      <class name="Framework.ExcelDrivenAPI.LibraryAPI">
        <test-method status="PASS" signature="addBookAPI()[pri:0, instance:Framework.ExcelDrivenAPI.LibraryAPI@3e2e18f2]" name="addBookAPI" duration-ms="8009" started-at="2022-01-06T19:00:00Z" finished-at="2022-01-06T19:00:08Z">
          <reporter-output>
          </reporter-output>
        </test-method> <!-- addBookAPI -->
      </class> <!-- Framework.ExcelDrivenAPI.LibraryAPI -->
    </test> <!-- Default test -->
  </suite> <!-- Default suite -->
</testng-results>
